0 info it worked if it ends with ok
1 verbose cli [ '/home/martin/.nvm/v4.2.3/bin/node',
1 verbose cli   '/home/martin/.nvm/v4.2.3/bin/npm',
1 verbose cli   'run',
1 verbose cli   'dev' ]
2 info using npm@2.14.7
3 info using node@v4.2.3
4 verbose stack Error: missing script: dev
4 verbose stack     at run (/home/martin/.nvm/v4.2.3/lib/node_modules/npm/lib/run-script.js:142:19)
4 verbose stack     at /home/martin/.nvm/v4.2.3/lib/node_modules/npm/lib/run-script.js:58:5
4 verbose stack     at /home/martin/.nvm/v4.2.3/lib/node_modules/npm/node_modules/read-package-json/read-json.js:345:5
4 verbose stack     at checkBinReferences_ (/home/martin/.nvm/v4.2.3/lib/node_modules/npm/node_modules/read-package-json/read-json.js:309:45)
4 verbose stack     at final (/home/martin/.nvm/v4.2.3/lib/node_modules/npm/node_modules/read-package-json/read-json.js:343:3)
4 verbose stack     at then (/home/martin/.nvm/v4.2.3/lib/node_modules/npm/node_modules/read-package-json/read-json.js:113:5)
4 verbose stack     at /home/martin/.nvm/v4.2.3/lib/node_modules/npm/node_modules/read-package-json/read-json.js:300:12
4 verbose stack     at /home/martin/.nvm/v4.2.3/lib/node_modules/npm/node_modules/graceful-fs/graceful-fs.js:76:16
4 verbose stack     at FSReqWrap.readFileAfterClose [as oncomplete] (fs.js:380:3)
5 verbose cwd /home/martin/Dropbox/Sandbox/typographic-underline
6 error Linux 3.19.0-49-generic
7 error argv "/home/martin/.nvm/v4.2.3/bin/node" "/home/martin/.nvm/v4.2.3/bin/npm" "run" "dev"
8 error node v4.2.3
9 error npm  v2.14.7
10 error missing script: dev
11 error If you need help, you may report this error at:
11 error     <https://github.com/npm/npm/issues>
12 verbose exit [ 1, true ]
